2025-12-09 03:23:53,421 - INFO - ====== WebDriver manager ======
2025-12-09 03:23:55,002 - INFO - Get LATEST chromedriver version for google-chrome
2025-12-09 03:23:55,098 - INFO - Get LATEST chromedriver version for google-chrome
2025-12-09 03:23:55,166 - INFO - Get LATEST chromedriver version for google-chrome
2025-12-09 03:23:55,305 - INFO - WebDriver version 142.0.7444.175 selected
2025-12-09 03:23:55,310 - INFO - Modern chrome version https://storage.googleapis.com/chrome-for-testing-public/142.0.7444.175/win32/chromedriver-win32.zip
2025-12-09 03:23:55,310 - INFO - About to download new driver from https://storage.googleapis.com/chrome-for-testing-public/142.0.7444.175/win32/chromedriver-win32.zip
2025-12-09 03:23:55,384 - INFO - Driver downloading response is 200
2025-12-09 03:23:58,531 - INFO - Get LATEST chromedriver version for google-chrome
2025-12-09 03:23:59,408 - INFO - Driver has been saved in cache [C:\Users\lucas\.wdm\drivers\chromedriver\win64\142.0.7444.175]
2025-12-09 03:24:01,231 - INFO - Abrir URL: https://www.saucedemo.com/
2025-12-09 03:24:02,223 - INFO - Escribir 'standard_user' en: ('id', 'user-name')
2025-12-09 03:24:02,223 - INFO - Encontrar elemento: ('id', 'user-name')
2025-12-09 03:24:02,318 - INFO - Escribir 'secret_sauce' en: ('id', 'password')
2025-12-09 03:24:02,318 - INFO - Encontrar elemento: ('id', 'password')
2025-12-09 03:24:02,378 - INFO - Click en: ('id', 'login-button')
2025-12-09 03:24:02,608 - INFO - Click en: ('id', 'shopping_cart_container')
2025-12-09 03:24:04,796 - INFO - ====== WebDriver manager ======
2025-12-09 03:24:05,584 - INFO - Get LATEST chromedriver version for google-chrome
2025-12-09 03:24:05,632 - INFO - Get LATEST chromedriver version for google-chrome
2025-12-09 03:24:05,668 - INFO - Driver [C:\Users\lucas\.wdm\drivers\chromedriver\win64\142.0.7444.175\chromedriver-win32/chromedriver.exe] found in cache
2025-12-09 03:24:06,719 - INFO - Abrir URL: https://www.saucedemo.com/
2025-12-09 03:24:07,111 - INFO - Escribir 'standard_user' en: ('id', 'user-name')
2025-12-09 03:24:07,112 - INFO - Encontrar elemento: ('id', 'user-name')
2025-12-09 03:24:07,215 - INFO - Escribir 'secret_sauce' en: ('id', 'password')
2025-12-09 03:24:07,216 - INFO - Encontrar elemento: ('id', 'password')
2025-12-09 03:24:07,286 - INFO - Click en: ('id', 'login-button')
2025-12-09 03:24:07,480 - INFO - Click en: ('id', 'shopping_cart_container')
2025-12-09 03:24:09,656 - INFO - ====== WebDriver manager ======
2025-12-09 03:24:10,444 - INFO - Get LATEST chromedriver version for google-chrome
2025-12-09 03:24:10,488 - INFO - Get LATEST chromedriver version for google-chrome
2025-12-09 03:24:10,529 - INFO - Driver [C:\Users\lucas\.wdm\drivers\chromedriver\win64\142.0.7444.175\chromedriver-win32/chromedriver.exe] found in cache
2025-12-09 03:24:11,582 - INFO - Abrir URL: https://www.saucedemo.com/
2025-12-09 03:24:11,968 - INFO - Escribir 'standard_user' en: ('id', 'user-name')
2025-12-09 03:24:11,968 - INFO - Encontrar elemento: ('id', 'user-name')
2025-12-09 03:24:12,073 - INFO - Escribir 'secret_sauce' en: ('id', 'password')
2025-12-09 03:24:12,073 - INFO - Encontrar elemento: ('id', 'password')
2025-12-09 03:24:12,141 - INFO - Click en: ('id', 'login-button')
2025-12-09 03:24:12,375 - INFO - Click en: ('id', 'shopping_cart_container')
2025-12-09 03:24:14,552 - INFO - ====== WebDriver manager ======
2025-12-09 03:24:15,335 - INFO - Get LATEST chromedriver version for google-chrome
2025-12-09 03:24:15,379 - INFO - Get LATEST chromedriver version for google-chrome
2025-12-09 03:24:15,422 - INFO - Driver [C:\Users\lucas\.wdm\drivers\chromedriver\win64\142.0.7444.175\chromedriver-win32/chromedriver.exe] found in cache
2025-12-09 03:24:16,480 - INFO - Abrir URL: https://www.saucedemo.com/
2025-12-09 03:24:16,865 - INFO - Escribir 'standard_user' en: ('id', 'user-name')
2025-12-09 03:24:16,865 - INFO - Encontrar elemento: ('id', 'user-name')
2025-12-09 03:24:16,971 - INFO - Escribir 'secret_sauce' en: ('id', 'password')
2025-12-09 03:24:16,971 - INFO - Encontrar elemento: ('id', 'password')
2025-12-09 03:24:17,046 - INFO - Click en: ('id', 'login-button')
2025-12-09 03:24:19,267 - INFO - ====== WebDriver manager ======
2025-12-09 03:24:20,054 - INFO - Get LATEST chromedriver version for google-chrome
2025-12-09 03:24:20,111 - INFO - Get LATEST chromedriver version for google-chrome
2025-12-09 03:24:20,154 - INFO - Driver [C:\Users\lucas\.wdm\drivers\chromedriver\win64\142.0.7444.175\chromedriver-win32/chromedriver.exe] found in cache
2025-12-09 03:24:21,238 - INFO - Abrir URL: https://www.saucedemo.com/
2025-12-09 03:24:21,636 - INFO - Escribir 'standard_user' en: ('id', 'user-name')
2025-12-09 03:24:21,636 - INFO - Encontrar elemento: ('id', 'user-name')
2025-12-09 03:24:21,741 - INFO - Escribir 'secret_sauce' en: ('id', 'password')
2025-12-09 03:24:21,741 - INFO - Encontrar elemento: ('id', 'password')
2025-12-09 03:24:21,811 - INFO - Click en: ('id', 'login-button')
2025-12-09 03:24:22,008 - INFO - Click en: ('id', 'shopping_cart_container')
2025-12-09 03:24:22,089 - INFO - Click en: ('id', 'checkout')
2025-12-09 03:24:22,160 - INFO - Escribir 'Lucas' en: ('id', 'first-name')
2025-12-09 03:24:22,161 - INFO - Encontrar elemento: ('id', 'first-name')
2025-12-09 03:24:22,216 - INFO - Escribir 'Gonzalez' en: ('id', 'last-name')
2025-12-09 03:24:22,216 - INFO - Encontrar elemento: ('id', 'last-name')
2025-12-09 03:24:22,276 - INFO - Escribir '1674' en: ('id', 'postal-code')
2025-12-09 03:24:22,276 - INFO - Encontrar elemento: ('id', 'postal-code')
2025-12-09 03:24:22,332 - INFO - Click en: ('id', 'continue')
2025-12-09 03:24:22,416 - INFO - Click en: ('id', 'finish')
2025-12-09 03:24:24,573 - INFO - ====== WebDriver manager ======
2025-12-09 03:24:25,368 - INFO - Get LATEST chromedriver version for google-chrome
2025-12-09 03:24:25,412 - INFO - Get LATEST chromedriver version for google-chrome
2025-12-09 03:24:25,452 - INFO - Driver [C:\Users\lucas\.wdm\drivers\chromedriver\win64\142.0.7444.175\chromedriver-win32/chromedriver.exe] found in cache
2025-12-09 03:24:26,508 - INFO - Abrir URL: https://www.saucedemo.com/
2025-12-09 03:24:26,880 - INFO - Escribir 'standard_user' en: ('id', 'user-name')
2025-12-09 03:24:26,880 - INFO - Encontrar elemento: ('id', 'user-name')
2025-12-09 03:24:26,992 - INFO - Escribir 'secret_sauce' en: ('id', 'password')
2025-12-09 03:24:26,992 - INFO - Encontrar elemento: ('id', 'password')
2025-12-09 03:24:27,067 - INFO - Click en: ('id', 'login-button')
2025-12-09 03:24:29,289 - INFO - ====== WebDriver manager ======
2025-12-09 03:24:30,070 - INFO - Get LATEST chromedriver version for google-chrome
2025-12-09 03:24:30,109 - INFO - Get LATEST chromedriver version for google-chrome
2025-12-09 03:24:30,150 - INFO - Driver [C:\Users\lucas\.wdm\drivers\chromedriver\win64\142.0.7444.175\chromedriver-win32/chromedriver.exe] found in cache
2025-12-09 03:24:31,189 - INFO - Abrir URL: https://www.saucedemo.com/
2025-12-09 03:24:31,526 - INFO - Escribir 'locked_out_user' en: ('id', 'user-name')
2025-12-09 03:24:31,526 - INFO - Encontrar elemento: ('id', 'user-name')
2025-12-09 03:24:31,633 - INFO - Escribir 'secret_sauce' en: ('id', 'password')
2025-12-09 03:24:31,633 - INFO - Encontrar elemento: ('id', 'password')
2025-12-09 03:24:31,709 - INFO - Click en: ('id', 'login-button')
2025-12-09 03:24:31,791 - INFO - Obtener texto de: ('css selector', "h3[data-test='error']")
2025-12-09 03:24:31,791 - INFO - Encontrar elemento: ('css selector', "h3[data-test='error']")
2025-12-09 03:24:33,917 - INFO - ====== WebDriver manager ======
2025-12-09 03:24:34,739 - INFO - Get LATEST chromedriver version for google-chrome
2025-12-09 03:24:34,831 - INFO - Get LATEST chromedriver version for google-chrome
2025-12-09 03:24:34,911 - INFO - Driver [C:\Users\lucas\.wdm\drivers\chromedriver\win64\142.0.7444.175\chromedriver-win32/chromedriver.exe] found in cache
2025-12-09 03:24:36,128 - INFO - Abrir URL: https://www.saucedemo.com/
2025-12-09 03:24:36,592 - INFO - Escribir 'invalid_user' en: ('id', 'user-name')
2025-12-09 03:24:36,592 - INFO - Encontrar elemento: ('id', 'user-name')
2025-12-09 03:24:36,695 - INFO - Escribir 'wrong_pass' en: ('id', 'password')
2025-12-09 03:24:36,695 - INFO - Encontrar elemento: ('id', 'password')
2025-12-09 03:24:36,769 - INFO - Click en: ('id', 'login-button')
2025-12-09 03:24:36,842 - INFO - Obtener texto de: ('css selector', "h3[data-test='error']")
2025-12-09 03:24:36,842 - INFO - Encontrar elemento: ('css selector', "h3[data-test='error']")
2025-12-09 03:39:33,750 - INFO - ====== WebDriver manager ======
2025-12-09 03:39:34,599 - INFO - Get LATEST chromedriver version for google-chrome
2025-12-09 03:39:34,638 - INFO - Get LATEST chromedriver version for google-chrome
2025-12-09 03:39:34,679 - INFO - Driver [C:\Users\lucas\.wdm\drivers\chromedriver\win64\142.0.7444.175\chromedriver-win32/chromedriver.exe] found in cache
2025-12-09 03:39:35,767 - INFO - Abrir URL: https://www.saucedemo.com/
2025-12-09 03:39:36,391 - INFO - Escribir 'standard_user' en: ('id', 'user-name')
2025-12-09 03:39:36,391 - INFO - Encontrar elemento: ('id', 'user-name')
2025-12-09 03:39:36,489 - INFO - Escribir 'secret_sauce' en: ('id', 'password')
2025-12-09 03:39:36,489 - INFO - Encontrar elemento: ('id', 'password')
2025-12-09 03:39:36,548 - INFO - Click en: ('id', 'login-button')
2025-12-09 03:39:38,930 - INFO - ====== WebDriver manager ======
2025-12-09 03:39:39,714 - INFO - Get LATEST chromedriver version for google-chrome
2025-12-09 03:39:39,757 - INFO - Get LATEST chromedriver version for google-chrome
2025-12-09 03:39:39,800 - INFO - Driver [C:\Users\lucas\.wdm\drivers\chromedriver\win64\142.0.7444.175\chromedriver-win32/chromedriver.exe] found in cache
2025-12-09 03:39:40,855 - INFO - Abrir URL: https://www.saucedemo.com/
2025-12-09 03:39:41,224 - INFO - Escribir 'standard_user' en: ('id', 'user-name')
2025-12-09 03:39:41,225 - INFO - Encontrar elemento: ('id', 'user-name')
2025-12-09 03:39:41,332 - INFO - Escribir 'secret_sauce' en: ('id', 'password')
2025-12-09 03:39:41,332 - INFO - Encontrar elemento: ('id', 'password')
2025-12-09 03:39:41,406 - INFO - Click en: ('id', 'login-button')
2025-12-09 03:39:43,777 - INFO - ====== WebDriver manager ======
2025-12-09 03:39:44,593 - INFO - Get LATEST chromedriver version for google-chrome
2025-12-09 03:39:44,634 - INFO - Get LATEST chromedriver version for google-chrome
2025-12-09 03:39:44,676 - INFO - Driver [C:\Users\lucas\.wdm\drivers\chromedriver\win64\142.0.7444.175\chromedriver-win32/chromedriver.exe] found in cache
2025-12-09 03:39:45,773 - INFO - Abrir URL: https://www.saucedemo.com/
2025-12-09 03:39:46,100 - INFO - Escribir 'standard_user' en: ('id', 'user-name')
2025-12-09 03:39:46,100 - INFO - Encontrar elemento: ('id', 'user-name')
2025-12-09 03:39:46,207 - INFO - Escribir 'secret_sauce' en: ('id', 'password')
2025-12-09 03:39:46,207 - INFO - Encontrar elemento: ('id', 'password')
2025-12-09 03:39:46,281 - INFO - Click en: ('id', 'login-button')
2025-12-09 03:39:48,693 - INFO - ====== WebDriver manager ======
2025-12-09 03:39:49,469 - INFO - Get LATEST chromedriver version for google-chrome
2025-12-09 03:39:49,510 - INFO - Get LATEST chromedriver version for google-chrome
2025-12-09 03:39:49,555 - INFO - Driver [C:\Users\lucas\.wdm\drivers\chromedriver\win64\142.0.7444.175\chromedriver-win32/chromedriver.exe] found in cache
2025-12-09 03:39:50,605 - INFO - Abrir URL: https://www.saucedemo.com/
2025-12-09 03:39:50,931 - INFO - Escribir 'standard_user' en: ('id', 'user-name')
2025-12-09 03:39:50,931 - INFO - Encontrar elemento: ('id', 'user-name')
2025-12-09 03:39:51,034 - INFO - Escribir 'secret_sauce' en: ('id', 'password')
2025-12-09 03:39:51,034 - INFO - Encontrar elemento: ('id', 'password')
2025-12-09 03:39:51,105 - INFO - Click en: ('id', 'login-button')
2025-12-09 03:39:53,484 - INFO - ====== WebDriver manager ======
2025-12-09 03:39:54,266 - INFO - Get LATEST chromedriver version for google-chrome
2025-12-09 03:39:54,307 - INFO - Get LATEST chromedriver version for google-chrome
2025-12-09 03:39:54,374 - INFO - Driver [C:\Users\lucas\.wdm\drivers\chromedriver\win64\142.0.7444.175\chromedriver-win32/chromedriver.exe] found in cache
2025-12-09 03:39:55,420 - INFO - Abrir URL: https://www.saucedemo.com/
2025-12-09 03:39:55,782 - INFO - Escribir 'standard_user' en: ('id', 'user-name')
2025-12-09 03:39:55,783 - INFO - Encontrar elemento: ('id', 'user-name')
2025-12-09 03:39:55,885 - INFO - Escribir 'secret_sauce' en: ('id', 'password')
2025-12-09 03:39:55,885 - INFO - Encontrar elemento: ('id', 'password')
2025-12-09 03:39:55,958 - INFO - Click en: ('id', 'login-button')
2025-12-09 03:39:56,307 - INFO - Escribir 'Lucas' en: ('id', 'first-name')
2025-12-09 03:39:56,307 - INFO - Encontrar elemento: ('id', 'first-name')
2025-12-09 03:39:56,365 - INFO - Escribir 'Gonzalez' en: ('id', 'last-name')
2025-12-09 03:39:56,365 - INFO - Encontrar elemento: ('id', 'last-name')
2025-12-09 03:39:56,424 - INFO - Escribir '1674' en: ('id', 'postal-code')
2025-12-09 03:39:56,424 - INFO - Encontrar elemento: ('id', 'postal-code')
2025-12-09 03:39:56,473 - INFO - Click en: ('id', 'continue')
2025-12-09 03:40:08,963 - INFO - ====== WebDriver manager ======
2025-12-09 03:40:09,792 - INFO - Get LATEST chromedriver version for google-chrome
2025-12-09 03:40:09,837 - INFO - Get LATEST chromedriver version for google-chrome
2025-12-09 03:40:09,885 - INFO - Driver [C:\Users\lucas\.wdm\drivers\chromedriver\win64\142.0.7444.175\chromedriver-win32/chromedriver.exe] found in cache
2025-12-09 03:40:10,948 - INFO - Abrir URL: https://www.saucedemo.com/
2025-12-09 03:40:11,310 - INFO - Escribir 'standard_user' en: ('id', 'user-name')
2025-12-09 03:40:11,310 - INFO - Encontrar elemento: ('id', 'user-name')
2025-12-09 03:40:11,417 - INFO - Escribir 'secret_sauce' en: ('id', 'password')
2025-12-09 03:40:11,418 - INFO - Encontrar elemento: ('id', 'password')
2025-12-09 03:40:11,487 - INFO - Click en: ('id', 'login-button')
2025-12-09 03:40:13,678 - INFO - ====== WebDriver manager ======
2025-12-09 03:40:14,464 - INFO - Get LATEST chromedriver version for google-chrome
2025-12-09 03:40:14,506 - INFO - Get LATEST chromedriver version for google-chrome
2025-12-09 03:40:14,548 - INFO - Driver [C:\Users\lucas\.wdm\drivers\chromedriver\win64\142.0.7444.175\chromedriver-win32/chromedriver.exe] found in cache
2025-12-09 03:40:15,610 - INFO - Abrir URL: https://www.saucedemo.com/
2025-12-09 03:40:15,939 - INFO - Escribir 'locked_out_user' en: ('id', 'user-name')
2025-12-09 03:40:15,940 - INFO - Encontrar elemento: ('id', 'user-name')
2025-12-09 03:40:16,048 - INFO - Escribir 'secret_sauce' en: ('id', 'password')
2025-12-09 03:40:16,048 - INFO - Encontrar elemento: ('id', 'password')
2025-12-09 03:40:16,122 - INFO - Click en: ('id', 'login-button')
2025-12-09 03:40:16,199 - INFO - Obtener texto de: ('css selector', "h3[data-test='error']")
2025-12-09 03:40:16,199 - INFO - Encontrar elemento: ('css selector', "h3[data-test='error']")
2025-12-09 03:40:18,311 - INFO - ====== WebDriver manager ======
2025-12-09 03:40:19,088 - INFO - Get LATEST chromedriver version for google-chrome
2025-12-09 03:40:19,128 - INFO - Get LATEST chromedriver version for google-chrome
2025-12-09 03:40:19,171 - INFO - Driver [C:\Users\lucas\.wdm\drivers\chromedriver\win64\142.0.7444.175\chromedriver-win32/chromedriver.exe] found in cache
2025-12-09 03:40:20,240 - INFO - Abrir URL: https://www.saucedemo.com/
2025-12-09 03:40:20,583 - INFO - Escribir 'invalid_user' en: ('id', 'user-name')
2025-12-09 03:40:20,584 - INFO - Encontrar elemento: ('id', 'user-name')
2025-12-09 03:40:20,684 - INFO - Escribir 'wrong_pass' en: ('id', 'password')
2025-12-09 03:40:20,684 - INFO - Encontrar elemento: ('id', 'password')
2025-12-09 03:40:20,754 - INFO - Click en: ('id', 'login-button')
2025-12-09 03:40:20,835 - INFO - Obtener texto de: ('css selector', "h3[data-test='error']")
2025-12-09 03:40:20,835 - INFO - Encontrar elemento: ('css selector', "h3[data-test='error']")
2025-12-09 03:43:51,099 - INFO - ====== WebDriver manager ======
2025-12-09 03:43:51,912 - INFO - Get LATEST chromedriver version for google-chrome
2025-12-09 03:43:51,954 - INFO - Get LATEST chromedriver version for google-chrome
2025-12-09 03:43:51,997 - INFO - Driver [C:\Users\lucas\.wdm\drivers\chromedriver\win64\142.0.7444.175\chromedriver-win32/chromedriver.exe] found in cache
2025-12-09 03:43:53,046 - INFO - Abrir URL: https://www.saucedemo.com/
2025-12-09 03:43:53,415 - INFO - Escribir 'standard_user' en: ('id', 'user-name')
2025-12-09 03:43:53,416 - INFO - Encontrar elemento: ('id', 'user-name')
2025-12-09 03:43:53,520 - INFO - Escribir 'secret_sauce' en: ('id', 'password')
2025-12-09 03:43:53,520 - INFO - Encontrar elemento: ('id', 'password')
2025-12-09 03:43:53,603 - INFO - Click en: ('id', 'login-button')
2025-12-09 03:43:55,982 - INFO - ====== WebDriver manager ======
2025-12-09 03:43:56,765 - INFO - Get LATEST chromedriver version for google-chrome
2025-12-09 03:43:56,806 - INFO - Get LATEST chromedriver version for google-chrome
2025-12-09 03:43:56,849 - INFO - Driver [C:\Users\lucas\.wdm\drivers\chromedriver\win64\142.0.7444.175\chromedriver-win32/chromedriver.exe] found in cache
2025-12-09 03:43:57,917 - INFO - Abrir URL: https://www.saucedemo.com/
2025-12-09 03:43:58,269 - INFO - Escribir 'standard_user' en: ('id', 'user-name')
2025-12-09 03:43:58,269 - INFO - Encontrar elemento: ('id', 'user-name')
2025-12-09 03:43:58,376 - INFO - Escribir 'secret_sauce' en: ('id', 'password')
2025-12-09 03:43:58,376 - INFO - Encontrar elemento: ('id', 'password')
2025-12-09 03:43:58,445 - INFO - Click en: ('id', 'login-button')
2025-12-09 03:44:00,804 - INFO - ====== WebDriver manager ======
2025-12-09 03:44:01,583 - INFO - Get LATEST chromedriver version for google-chrome
2025-12-09 03:44:01,623 - INFO - Get LATEST chromedriver version for google-chrome
2025-12-09 03:44:01,666 - INFO - Driver [C:\Users\lucas\.wdm\drivers\chromedriver\win64\142.0.7444.175\chromedriver-win32/chromedriver.exe] found in cache
2025-12-09 03:44:02,727 - INFO - Abrir URL: https://www.saucedemo.com/
2025-12-09 03:44:03,057 - INFO - Escribir 'standard_user' en: ('id', 'user-name')
2025-12-09 03:44:03,058 - INFO - Encontrar elemento: ('id', 'user-name')
2025-12-09 03:44:03,163 - INFO - Escribir 'secret_sauce' en: ('id', 'password')
2025-12-09 03:44:03,163 - INFO - Encontrar elemento: ('id', 'password')
2025-12-09 03:44:03,233 - INFO - Click en: ('id', 'login-button')
2025-12-09 03:44:05,632 - INFO - ====== WebDriver manager ======
2025-12-09 03:44:06,416 - INFO - Get LATEST chromedriver version for google-chrome
2025-12-09 03:44:06,462 - INFO - Get LATEST chromedriver version for google-chrome
2025-12-09 03:44:06,507 - INFO - Driver [C:\Users\lucas\.wdm\drivers\chromedriver\win64\142.0.7444.175\chromedriver-win32/chromedriver.exe] found in cache
2025-12-09 03:44:07,574 - INFO - Abrir URL: https://www.saucedemo.com/
2025-12-09 03:44:07,926 - INFO - Escribir 'standard_user' en: ('id', 'user-name')
2025-12-09 03:44:07,926 - INFO - Encontrar elemento: ('id', 'user-name')
2025-12-09 03:44:08,031 - INFO - Escribir 'secret_sauce' en: ('id', 'password')
2025-12-09 03:44:08,031 - INFO - Encontrar elemento: ('id', 'password')
2025-12-09 03:44:08,102 - INFO - Click en: ('id', 'login-button')
2025-12-09 03:44:10,312 - INFO - ====== WebDriver manager ======
2025-12-09 03:44:11,109 - INFO - Get LATEST chromedriver version for google-chrome
2025-12-09 03:44:11,151 - INFO - Get LATEST chromedriver version for google-chrome
2025-12-09 03:44:11,192 - INFO - Driver [C:\Users\lucas\.wdm\drivers\chromedriver\win64\142.0.7444.175\chromedriver-win32/chromedriver.exe] found in cache
2025-12-09 03:44:12,248 - INFO - Abrir URL: https://www.saucedemo.com/
2025-12-09 03:44:12,572 - INFO - Escribir 'standard_user' en: ('id', 'user-name')
2025-12-09 03:44:12,572 - INFO - Encontrar elemento: ('id', 'user-name')
2025-12-09 03:44:12,675 - INFO - Escribir 'secret_sauce' en: ('id', 'password')
2025-12-09 03:44:12,675 - INFO - Encontrar elemento: ('id', 'password')
2025-12-09 03:44:12,741 - INFO - Click en: ('id', 'login-button')
2025-12-09 03:44:15,409 - INFO - ====== WebDriver manager ======
2025-12-09 03:44:16,203 - INFO - Get LATEST chromedriver version for google-chrome
2025-12-09 03:44:16,242 - INFO - Get LATEST chromedriver version for google-chrome
2025-12-09 03:44:16,280 - INFO - Driver [C:\Users\lucas\.wdm\drivers\chromedriver\win64\142.0.7444.175\chromedriver-win32/chromedriver.exe] found in cache
2025-12-09 03:44:17,326 - INFO - Abrir URL: https://www.saucedemo.com/
2025-12-09 03:44:17,687 - INFO - Escribir 'standard_user' en: ('id', 'user-name')
2025-12-09 03:44:17,687 - INFO - Encontrar elemento: ('id', 'user-name')
2025-12-09 03:44:17,794 - INFO - Escribir 'secret_sauce' en: ('id', 'password')
2025-12-09 03:44:17,794 - INFO - Encontrar elemento: ('id', 'password')
2025-12-09 03:44:17,863 - INFO - Click en: ('id', 'login-button')
2025-12-09 03:44:20,050 - INFO - ====== WebDriver manager ======
2025-12-09 03:44:20,839 - INFO - Get LATEST chromedriver version for google-chrome
2025-12-09 03:44:20,882 - INFO - Get LATEST chromedriver version for google-chrome
2025-12-09 03:44:20,928 - INFO - Driver [C:\Users\lucas\.wdm\drivers\chromedriver\win64\142.0.7444.175\chromedriver-win32/chromedriver.exe] found in cache
2025-12-09 03:44:21,984 - INFO - Abrir URL: https://www.saucedemo.com/
2025-12-09 03:44:22,291 - INFO - Escribir 'locked_out_user' en: ('id', 'user-name')
2025-12-09 03:44:22,291 - INFO - Encontrar elemento: ('id', 'user-name')
2025-12-09 03:44:22,396 - INFO - Escribir 'secret_sauce' en: ('id', 'password')
2025-12-09 03:44:22,396 - INFO - Encontrar elemento: ('id', 'password')
2025-12-09 03:44:22,465 - INFO - Click en: ('id', 'login-button')
2025-12-09 03:44:22,544 - INFO - Obtener texto de: ('css selector', "h3[data-test='error']")
2025-12-09 03:44:22,544 - INFO - Encontrar elemento: ('css selector', "h3[data-test='error']")
2025-12-09 03:44:24,660 - INFO - ====== WebDriver manager ======
2025-12-09 03:44:25,454 - INFO - Get LATEST chromedriver version for google-chrome
2025-12-09 03:44:25,494 - INFO - Get LATEST chromedriver version for google-chrome
2025-12-09 03:44:25,534 - INFO - Driver [C:\Users\lucas\.wdm\drivers\chromedriver\win64\142.0.7444.175\chromedriver-win32/chromedriver.exe] found in cache
2025-12-09 03:44:26,605 - INFO - Abrir URL: https://www.saucedemo.com/
2025-12-09 03:44:26,938 - INFO - Escribir 'invalid_user' en: ('id', 'user-name')
2025-12-09 03:44:26,938 - INFO - Encontrar elemento: ('id', 'user-name')
2025-12-09 03:44:27,037 - INFO - Escribir 'wrong_pass' en: ('id', 'password')
2025-12-09 03:44:27,037 - INFO - Encontrar elemento: ('id', 'password')
2025-12-09 03:44:27,100 - INFO - Click en: ('id', 'login-button')
2025-12-09 03:44:27,172 - INFO - Obtener texto de: ('css selector', "h3[data-test='error']")
2025-12-09 03:44:27,173 - INFO - Encontrar elemento: ('css selector', "h3[data-test='error']")
2025-12-09 03:51:02,927 - INFO - ====== WebDriver manager ======
2025-12-09 03:51:03,835 - INFO - Get LATEST chromedriver version for google-chrome
2025-12-09 03:51:03,876 - INFO - Get LATEST chromedriver version for google-chrome
2025-12-09 03:51:03,916 - INFO - Driver [C:\Users\lucas\.wdm\drivers\chromedriver\win64\142.0.7444.175\chromedriver-win32/chromedriver.exe] found in cache
2025-12-09 03:51:04,988 - INFO - Abrir URL: https://www.saucedemo.com/
2025-12-09 03:51:06,181 - INFO - Escribir 'standard_user' en: ('id', 'user-name')
2025-12-09 03:51:06,182 - INFO - Encontrar elemento: ('id', 'user-name')
2025-12-09 03:51:06,271 - INFO - Escribir 'secret_sauce' en: ('id', 'password')
2025-12-09 03:51:06,271 - INFO - Encontrar elemento: ('id', 'password')
2025-12-09 03:51:06,329 - INFO - Click en: ('id', 'login-button')
2025-12-09 03:51:06,536 - INFO - Click en: ('id', 'shopping_cart_container')
2025-12-09 03:51:08,740 - INFO - ====== WebDriver manager ======
2025-12-09 03:51:09,555 - INFO - Get LATEST chromedriver version for google-chrome
2025-12-09 03:51:09,598 - INFO - Get LATEST chromedriver version for google-chrome
2025-12-09 03:51:09,638 - INFO - Driver [C:\Users\lucas\.wdm\drivers\chromedriver\win64\142.0.7444.175\chromedriver-win32/chromedriver.exe] found in cache
2025-12-09 03:51:10,700 - INFO - Abrir URL: https://www.saucedemo.com/
2025-12-09 03:51:10,999 - INFO - Escribir 'standard_user' en: ('id', 'user-name')
2025-12-09 03:51:11,000 - INFO - Encontrar elemento: ('id', 'user-name')
2025-12-09 03:51:11,097 - INFO - Escribir 'secret_sauce' en: ('id', 'password')
2025-12-09 03:51:11,097 - INFO - Encontrar elemento: ('id', 'password')
2025-12-09 03:51:11,168 - INFO - Click en: ('id', 'login-button')
2025-12-09 03:51:11,394 - INFO - Click en: ('id', 'shopping_cart_container')
2025-12-09 03:51:13,601 - INFO - ====== WebDriver manager ======
2025-12-09 03:51:14,394 - INFO - Get LATEST chromedriver version for google-chrome
2025-12-09 03:51:14,433 - INFO - Get LATEST chromedriver version for google-chrome
2025-12-09 03:51:14,472 - INFO - Driver [C:\Users\lucas\.wdm\drivers\chromedriver\win64\142.0.7444.175\chromedriver-win32/chromedriver.exe] found in cache
2025-12-09 03:51:15,520 - INFO - Abrir URL: https://www.saucedemo.com/
2025-12-09 03:51:15,876 - INFO - Escribir 'standard_user' en: ('id', 'user-name')
2025-12-09 03:51:15,876 - INFO - Encontrar elemento: ('id', 'user-name')
2025-12-09 03:51:15,978 - INFO - Escribir 'secret_sauce' en: ('id', 'password')
2025-12-09 03:51:15,979 - INFO - Encontrar elemento: ('id', 'password')
2025-12-09 03:51:16,051 - INFO - Click en: ('id', 'login-button')
2025-12-09 03:51:16,324 - INFO - Click en: ('id', 'shopping_cart_container')
2025-12-09 03:51:18,499 - INFO - ====== WebDriver manager ======
2025-12-09 03:51:19,299 - INFO - Get LATEST chromedriver version for google-chrome
2025-12-09 03:51:19,338 - INFO - Get LATEST chromedriver version for google-chrome
2025-12-09 03:51:19,375 - INFO - Driver [C:\Users\lucas\.wdm\drivers\chromedriver\win64\142.0.7444.175\chromedriver-win32/chromedriver.exe] found in cache
2025-12-09 03:51:20,441 - INFO - Abrir URL: https://www.saucedemo.com/
2025-12-09 03:51:20,758 - INFO - Escribir 'standard_user' en: ('id', 'user-name')
2025-12-09 03:51:20,758 - INFO - Encontrar elemento: ('id', 'user-name')
2025-12-09 03:51:20,864 - INFO - Escribir 'secret_sauce' en: ('id', 'password')
2025-12-09 03:51:20,864 - INFO - Encontrar elemento: ('id', 'password')
2025-12-09 03:51:20,935 - INFO - Click en: ('id', 'login-button')
2025-12-09 03:51:23,162 - INFO - ====== WebDriver manager ======
2025-12-09 03:51:23,959 - INFO - Get LATEST chromedriver version for google-chrome
2025-12-09 03:51:24,001 - INFO - Get LATEST chromedriver version for google-chrome
2025-12-09 03:51:24,040 - INFO - Driver [C:\Users\lucas\.wdm\drivers\chromedriver\win64\142.0.7444.175\chromedriver-win32/chromedriver.exe] found in cache
2025-12-09 03:51:25,089 - INFO - Abrir URL: https://www.saucedemo.com/
2025-12-09 03:51:25,458 - INFO - Escribir 'standard_user' en: ('id', 'user-name')
2025-12-09 03:51:25,458 - INFO - Encontrar elemento: ('id', 'user-name')
2025-12-09 03:51:25,563 - INFO - Escribir 'secret_sauce' en: ('id', 'password')
2025-12-09 03:51:25,564 - INFO - Encontrar elemento: ('id', 'password')
2025-12-09 03:51:25,638 - INFO - Click en: ('id', 'login-button')
2025-12-09 03:51:25,861 - INFO - Click en: ('id', 'shopping_cart_container')
2025-12-09 03:51:25,959 - INFO - Click en: ('id', 'checkout')
2025-12-09 03:51:28,398 - INFO - ====== WebDriver manager ======
2025-12-09 03:51:29,189 - INFO - Get LATEST chromedriver version for google-chrome
2025-12-09 03:51:29,227 - INFO - Get LATEST chromedriver version for google-chrome
2025-12-09 03:51:29,267 - INFO - Driver [C:\Users\lucas\.wdm\drivers\chromedriver\win64\142.0.7444.175\chromedriver-win32/chromedriver.exe] found in cache
2025-12-09 03:51:30,295 - INFO - Abrir URL: https://www.saucedemo.com/
2025-12-09 03:51:30,619 - INFO - Escribir 'standard_user' en: ('id', 'user-name')
2025-12-09 03:51:30,619 - INFO - Encontrar elemento: ('id', 'user-name')
2025-12-09 03:51:30,725 - INFO - Escribir 'secret_sauce' en: ('id', 'password')
2025-12-09 03:51:30,725 - INFO - Encontrar elemento: ('id', 'password')
2025-12-09 03:51:30,794 - INFO - Click en: ('id', 'login-button')
2025-12-09 03:51:33,007 - INFO - ====== WebDriver manager ======
2025-12-09 03:51:33,817 - INFO - Get LATEST chromedriver version for google-chrome
2025-12-09 03:51:33,856 - INFO - Get LATEST chromedriver version for google-chrome
2025-12-09 03:51:33,891 - INFO - Driver [C:\Users\lucas\.wdm\drivers\chromedriver\win64\142.0.7444.175\chromedriver-win32/chromedriver.exe] found in cache
2025-12-09 03:51:34,948 - INFO - Abrir URL: https://www.saucedemo.com/
2025-12-09 03:51:35,274 - INFO - Escribir 'locked_out_user' en: ('id', 'user-name')
2025-12-09 03:51:35,274 - INFO - Encontrar elemento: ('id', 'user-name')
2025-12-09 03:51:35,384 - INFO - Escribir 'secret_sauce' en: ('id', 'password')
2025-12-09 03:51:35,384 - INFO - Encontrar elemento: ('id', 'password')
2025-12-09 03:51:35,461 - INFO - Click en: ('id', 'login-button')
2025-12-09 03:51:35,542 - INFO - Obtener texto de: ('css selector', "h3[data-test='error']")
2025-12-09 03:51:35,543 - INFO - Encontrar elemento: ('css selector', "h3[data-test='error']")
2025-12-09 03:51:37,694 - INFO - ====== WebDriver manager ======
2025-12-09 03:51:38,492 - INFO - Get LATEST chromedriver version for google-chrome
2025-12-09 03:51:38,535 - INFO - Get LATEST chromedriver version for google-chrome
2025-12-09 03:51:38,574 - INFO - Driver [C:\Users\lucas\.wdm\drivers\chromedriver\win64\142.0.7444.175\chromedriver-win32/chromedriver.exe] found in cache
2025-12-09 03:51:39,623 - INFO - Abrir URL: https://www.saucedemo.com/
2025-12-09 03:51:39,939 - INFO - Escribir 'invalid_user' en: ('id', 'user-name')
2025-12-09 03:51:39,939 - INFO - Encontrar elemento: ('id', 'user-name')
2025-12-09 03:51:40,048 - INFO - Escribir 'wrong_pass' en: ('id', 'password')
2025-12-09 03:51:40,048 - INFO - Encontrar elemento: ('id', 'password')
2025-12-09 03:51:40,116 - INFO - Click en: ('id', 'login-button')
2025-12-09 03:51:40,194 - INFO - Obtener texto de: ('css selector', "h3[data-test='error']")
2025-12-09 03:51:40,194 - INFO - Encontrar elemento: ('css selector', "h3[data-test='error']")
2025-12-09 03:57:13,753 - INFO - ====== WebDriver manager ======
2025-12-09 03:57:14,624 - INFO - Get LATEST chromedriver version for google-chrome
2025-12-09 03:57:14,663 - INFO - Get LATEST chromedriver version for google-chrome
2025-12-09 03:57:14,704 - INFO - Driver [C:\Users\lucas\.wdm\drivers\chromedriver\win64\142.0.7444.175\chromedriver-win32/chromedriver.exe] found in cache
2025-12-09 03:57:15,826 - INFO - Abrir URL: https://www.saucedemo.com/
2025-12-09 03:57:16,144 - INFO - Escribir 'standard_user' en: ('id', 'user-name')
2025-12-09 03:57:16,145 - INFO - Encontrar elemento: ('id', 'user-name')
2025-12-09 03:57:16,254 - INFO - Escribir 'secret_sauce' en: ('id', 'password')
2025-12-09 03:57:16,254 - INFO - Encontrar elemento: ('id', 'password')
2025-12-09 03:57:16,329 - INFO - Click en: ('id', 'login-button')
2025-12-09 03:57:16,557 - INFO - Click en: ('id', 'shopping_cart_container')
2025-12-09 03:57:18,753 - INFO - ====== WebDriver manager ======
2025-12-09 03:57:19,556 - INFO - Get LATEST chromedriver version for google-chrome
2025-12-09 03:57:19,600 - INFO - Get LATEST chromedriver version for google-chrome
2025-12-09 03:57:19,642 - INFO - Driver [C:\Users\lucas\.wdm\drivers\chromedriver\win64\142.0.7444.175\chromedriver-win32/chromedriver.exe] found in cache
2025-12-09 03:57:20,715 - INFO - Abrir URL: https://www.saucedemo.com/
2025-12-09 03:57:21,096 - INFO - Escribir 'standard_user' en: ('id', 'user-name')
2025-12-09 03:57:21,097 - INFO - Encontrar elemento: ('id', 'user-name')
2025-12-09 03:57:21,202 - INFO - Escribir 'secret_sauce' en: ('id', 'password')
2025-12-09 03:57:21,202 - INFO - Encontrar elemento: ('id', 'password')
2025-12-09 03:57:21,283 - INFO - Click en: ('id', 'login-button')
2025-12-09 03:57:21,507 - INFO - Click en: ('id', 'shopping_cart_container')
2025-12-09 03:57:23,704 - INFO - ====== WebDriver manager ======
2025-12-09 03:57:24,513 - INFO - Get LATEST chromedriver version for google-chrome
2025-12-09 03:57:24,554 - INFO - Get LATEST chromedriver version for google-chrome
2025-12-09 03:57:24,593 - INFO - Driver [C:\Users\lucas\.wdm\drivers\chromedriver\win64\142.0.7444.175\chromedriver-win32/chromedriver.exe] found in cache
2025-12-09 03:57:25,646 - INFO - Abrir URL: https://www.saucedemo.com/
2025-12-09 03:57:25,950 - INFO - Escribir 'standard_user' en: ('id', 'user-name')
2025-12-09 03:57:25,950 - INFO - Encontrar elemento: ('id', 'user-name')
2025-12-09 03:57:26,061 - INFO - Escribir 'secret_sauce' en: ('id', 'password')
2025-12-09 03:57:26,061 - INFO - Encontrar elemento: ('id', 'password')
2025-12-09 03:57:26,131 - INFO - Click en: ('id', 'login-button')
2025-12-09 03:57:26,384 - INFO - Click en: ('id', 'shopping_cart_container')
2025-12-09 03:57:28,562 - INFO - ====== WebDriver manager ======
2025-12-09 03:57:29,364 - INFO - Get LATEST chromedriver version for google-chrome
2025-12-09 03:57:29,402 - INFO - Get LATEST chromedriver version for google-chrome
2025-12-09 03:57:29,442 - INFO - Driver [C:\Users\lucas\.wdm\drivers\chromedriver\win64\142.0.7444.175\chromedriver-win32/chromedriver.exe] found in cache
2025-12-09 03:57:30,504 - INFO - Abrir URL: https://www.saucedemo.com/
2025-12-09 03:57:30,807 - INFO - Escribir 'standard_user' en: ('id', 'user-name')
2025-12-09 03:57:30,808 - INFO - Encontrar elemento: ('id', 'user-name')
2025-12-09 03:57:30,912 - INFO - Escribir 'secret_sauce' en: ('id', 'password')
2025-12-09 03:57:30,912 - INFO - Encontrar elemento: ('id', 'password')
2025-12-09 03:57:30,983 - INFO - Click en: ('id', 'login-button')
2025-12-09 03:57:33,272 - INFO - ====== WebDriver manager ======
2025-12-09 03:57:34,093 - INFO - Get LATEST chromedriver version for google-chrome
2025-12-09 03:57:34,134 - INFO - Get LATEST chromedriver version for google-chrome
2025-12-09 03:57:34,171 - INFO - Driver [C:\Users\lucas\.wdm\drivers\chromedriver\win64\142.0.7444.175\chromedriver-win32/chromedriver.exe] found in cache
2025-12-09 03:57:35,226 - INFO - Abrir URL: https://www.saucedemo.com/
2025-12-09 03:57:35,530 - INFO - Escribir 'standard_user' en: ('id', 'user-name')
2025-12-09 03:57:35,530 - INFO - Encontrar elemento: ('id', 'user-name')
2025-12-09 03:57:35,639 - INFO - Escribir 'secret_sauce' en: ('id', 'password')
2025-12-09 03:57:35,639 - INFO - Encontrar elemento: ('id', 'password')
2025-12-09 03:57:35,711 - INFO - Click en: ('id', 'login-button')
2025-12-09 03:57:35,927 - INFO - Click en: ('id', 'shopping_cart_container')
2025-12-09 03:57:36,020 - INFO - Click en: ('id', 'checkout')
2025-12-09 03:57:38,438 - INFO - ====== WebDriver manager ======
2025-12-09 03:57:39,235 - INFO - Get LATEST chromedriver version for google-chrome
2025-12-09 03:57:39,275 - INFO - Get LATEST chromedriver version for google-chrome
2025-12-09 03:57:39,314 - INFO - Driver [C:\Users\lucas\.wdm\drivers\chromedriver\win64\142.0.7444.175\chromedriver-win32/chromedriver.exe] found in cache
2025-12-09 03:57:40,368 - INFO - Abrir URL: https://www.saucedemo.com/
2025-12-09 03:57:40,679 - INFO - Escribir 'standard_user' en: ('id', 'user-name')
2025-12-09 03:57:40,679 - INFO - Encontrar elemento: ('id', 'user-name')
2025-12-09 03:57:40,786 - INFO - Escribir 'secret_sauce' en: ('id', 'password')
2025-12-09 03:57:40,787 - INFO - Encontrar elemento: ('id', 'password')
2025-12-09 03:57:40,860 - INFO - Click en: ('id', 'login-button')
2025-12-09 03:57:43,078 - INFO - ====== WebDriver manager ======
2025-12-09 03:57:43,893 - INFO - Get LATEST chromedriver version for google-chrome
2025-12-09 03:57:43,933 - INFO - Get LATEST chromedriver version for google-chrome
2025-12-09 03:57:43,968 - INFO - Driver [C:\Users\lucas\.wdm\drivers\chromedriver\win64\142.0.7444.175\chromedriver-win32/chromedriver.exe] found in cache
2025-12-09 03:57:45,022 - INFO - Abrir URL: https://www.saucedemo.com/
2025-12-09 03:57:45,336 - INFO - Escribir 'locked_out_user' en: ('id', 'user-name')
2025-12-09 03:57:45,337 - INFO - Encontrar elemento: ('id', 'user-name')
2025-12-09 03:57:45,443 - INFO - Escribir 'secret_sauce' en: ('id', 'password')
2025-12-09 03:57:45,443 - INFO - Encontrar elemento: ('id', 'password')
2025-12-09 03:57:45,513 - INFO - Click en: ('id', 'login-button')
2025-12-09 03:57:45,591 - INFO - Obtener texto de: ('css selector', "h3[data-test='error']")
2025-12-09 03:57:45,592 - INFO - Encontrar elemento: ('css selector', "h3[data-test='error']")
2025-12-09 03:57:47,720 - INFO - ====== WebDriver manager ======
2025-12-09 03:57:48,516 - INFO - Get LATEST chromedriver version for google-chrome
2025-12-09 03:57:48,561 - INFO - Get LATEST chromedriver version for google-chrome
2025-12-09 03:57:48,599 - INFO - Driver [C:\Users\lucas\.wdm\drivers\chromedriver\win64\142.0.7444.175\chromedriver-win32/chromedriver.exe] found in cache
2025-12-09 03:57:49,663 - INFO - Abrir URL: https://www.saucedemo.com/
2025-12-09 03:57:50,059 - INFO - Escribir 'invalid_user' en: ('id', 'user-name')
2025-12-09 03:57:50,059 - INFO - Encontrar elemento: ('id', 'user-name')
2025-12-09 03:57:50,163 - INFO - Escribir 'wrong_pass' en: ('id', 'password')
2025-12-09 03:57:50,163 - INFO - Encontrar elemento: ('id', 'password')
2025-12-09 03:57:50,228 - INFO - Click en: ('id', 'login-button')
2025-12-09 03:57:50,300 - INFO - Obtener texto de: ('css selector', "h3[data-test='error']")
2025-12-09 03:57:50,300 - INFO - Encontrar elemento: ('css selector', "h3[data-test='error']")
